<?xml version="1.0" encoding="UTF-8"?>
<!-- Generated by org.testng.reporters.JUnitReportReporter -->
<testsuite hostname="DESKTOP-LI9M3RT" name="Academy.AppTest" tests="1" failures="0" timestamp="26 Sep 2019 18:04:54 GMT" time="0.011" errors="0">
  <testcase name="testApp" time="0.011" classname="Academy.AppTest"/>
</testsuite> <!-- Academy.AppTest -->
