<?xml version="1.0" encoding="UTF-8"?>
<!-- Generated by org.testng.reporters.JUnitReportReporter -->
<testsuite hostname="DESKTOP-LI9M3RT" name="Academy.Homepage" tests="2" failures="0" timestamp="26 Sep 2019 15:22:39 GMT" time="48.711" errors="0">
  <testcase name="basePagenavigation" time="20.267" classname="Academy.Homepage"/>
  <testcase name="basePagenavigation" time="28.444" classname="Academy.Homepage"/>
</testsuite> <!-- Academy.Homepage -->
